<?xml version="1.0" encoding="UTF-8"?>
<testsuite hostname="host-198.gts.wahanda.com" name="com.wahanda.acceptance.AccountTest" tests="3" failures="0" timestamp="24 Oct 2014 12:30:16 GMT" time="0.028" errors="0">
  <testcase name="@BeforeClass setUp" time="0.0" classname="com.wahanda.acceptance.AccountTest">
    <failure type="org.testng.TestNGException" message="
Parameter &amp;apos;hubHost&amp;apos; is required by @Configuration on method setUp
but has not been marked @Optional or defined ">
      <![CDATA[org.testng.TestNGException: 
Parameter 'hubHost' is required by @Configuration on method setUp
but has not been marked @Optional or defined 
	at org.apache.maven.surefire.testng.TestNGExecutor.run(TestNGExecutor.java:77)
	at org.apache.maven.surefire.testng.TestNGDirectoryTestSuite.execute(TestNGDirectoryTestSuite.java:110)
	at org.apache.maven.surefire.testng.TestNGProvider.invoke(TestNGProvider.java:106)
	at org.apache.maven.surefire.util.ReflectionUtils.invokeMethodWithArray(ReflectionUtils.java:189)
	at org.apache.maven.surefire.booter.ProviderFactory$ProviderProxy.invoke(ProviderFactory.java:165)
	at org.apache.maven.surefire.booter.ProviderFactory.invokeProvider(ProviderFactory.java:85)
	at org.apache.maven.surefire.booter.ForkedBooter.runSuitesInProcess(ForkedBooter.java:115)
	at org.apache.maven.surefire.booter.ForkedBooter.main(ForkedBooter.java:75)
... Removed 23 stack frames]]>
    </failure>
  </testcase>
  <testcase name="@AfterClass tearDown" time="0.0" classname="com.wahanda.acceptance.AccountTest">
    <skipped/>
  </testcase>
  <testcase name="accountCreationTest" time="0.007" classname="com.wahanda.acceptance.AccountTest">
    <skipped/>
  </testcase>
  <testcase name="loginAndEditProfileTest" time="0.001" classname="com.wahanda.acceptance.AccountTest">
    <skipped/>
  </testcase>
  <testcase name="loginAndPasswordChangeTest" time="0.0" classname="com.wahanda.acceptance.AccountTest">
    <skipped/>
  </testcase>
</testsuite>
